Change component parameters: Designator = "C1"; Footprint = "0603"; UniqueID = "\LUCCTGBB"
Change component parameters. Clean all parameters for all variants
Change component parameters (AddParameter): Name = "PROD_ID"; Value = "CAP-11015"; VariantName = "[No Variations]"
Change component parameters: Designator = "C2"; Footprint = "0603"; UniqueID = "\DDKBYVWF"
Change component parameters. Clean all parameters for all variants
Change component parameters (AddParameter): Name = "PROD_ID"; Value = "CAP-11015"; VariantName = "[No Variations]"
Change component parameters: Designator = "C3"; Footprint = "0603"; UniqueID = "\ATFYJEBI"
Change component parameters. Clean all parameters for all variants
Change component parameters (AddParameter): Name = "PROD_ID"; Value = "CAP-11015"; VariantName = "[No Variations]"
Change component parameters: Designator = "C4"; Footprint = "0603"; UniqueID = "\VHPAIRMF"
Change component parameters. Clean all parameters for all variants
Change component parameters (AddParameter): Name = "PROD_ID"; Value = "CAP-11015"; VariantName = "[No Variations]"
Change component parameters: Designator = "C5"; Footprint = "0603"; UniqueID = "\XRMUMFFX"
Change component parameters. Clean all parameters for all variants
Change component parameters (AddParameter): Name = "PROD_ID"; Value = "CAP-11015"; VariantName = "[No Variations]"
Change component parameters: Designator = "C6"; Footprint = "0603"; UniqueID = "\LNNDKGVJ"
Change component parameters. Clean all parameters for all variants
Change component parameters (AddParameter): Name = "PROD_ID"; Value = "CAP-11015"; VariantName = "[No Variations]"
Change component parameters: Designator = "U2"; Footprint = "SOT23-5"; UniqueID = "\BPTKLIQL"
Change component parameters. Clean all parameters for all variants
Change component parameters (AddParameter): Name = "PROD_ID"; Value = "VREG-09872"; VariantName = "[No Variations]"
Change component parameters: Designator = "S2"; Footprint = "SOP8"; UniqueID = "\PBVRQOCK"
Change component parameters. Clean all parameters for all variants
Change component parameters (AddParameter): Name = "LatestRevisionDate"; Value = "17-Jul-2002"; VariantName = "[No Variations]"
Change component parameters (AddParameter): Name = "LatestRevisionNote"; Value = "Re-released for DXP Platform."; VariantName = "[No Variations]"
Change component parameters (AddParameter): Name = "PackageReference"; Value = "DIP-8"; VariantName = "[No Variations]"
Change component parameters (AddParameter): Name = "Published"; Value = "24-Mar-1999"; VariantName = "[No Variations]"
Change component parameters (AddParameter): Name = "Publisher"; Value = "Altium Limited"; VariantName = "[No Variations]"
Change component parameters: Designator = "U1"; Footprint = "QFP80P1200X1200X120-44N"; UniqueID = "\SEVGBEYQ"
Change component parameters. Clean all parameters for all variants
Change component parameters (AddParameter): Name = "MPN"; Value = "ATMEGA32U4-AU"; VariantName = "[No Variations]"
Change component parameters (AddParameter): Name = "OC_FARNELL"; Value = "1748525"; VariantName = "[No Variations]"
Change component parameters (AddParameter): Name = "OC_NEWARK"; Value = "26R5633"; VariantName = "[No Variations]"
Change component parameters (AddParameter): Name = "PACKAGE"; Value = "TQFP-44"; VariantName = "[No Variations]"
Change component parameters (AddParameter): Name = "SUPPLIER"; Value = "Atmel"; VariantName = "[No Variations]"
Change component parameters: Designator = "R1"; Footprint = "J1-0603"; UniqueID = "\UVWUPRPQ"
Change component parameters. Clean all parameters for all variants
Change component parameters (AddParameter): Name = "LatestRevisionDate"; Value = "29-May-2009"; VariantName = "[No Variations]"
Change component parameters (AddParameter): Name = "LatestRevisionNote"; Value = "IPC-7351 Footprint Added."; VariantName = "[No Variations]"
Change component parameters (AddParameter): Name = "PackageDescription"; Value = "Chip Resistor"; VariantName = "[No Variations]"
Change component parameters (AddParameter): Name = "PackageReference"; Value = "J1-0603"; VariantName = "[No Variations]"
Change component parameters (AddParameter): Name = "Published"; Value = "8-Jun-2000"; VariantName = "[No Variations]"
Change component parameters (AddParameter): Name = "Publisher"; Value = "Altium Limited"; VariantName = "[No Variations]"
Change component parameters (AddParameter): Name = "Value"; Value = "22R"; VariantName = "[No Variations]"
Change component parameters: Designator = "R2"; Footprint = "J1-0603"; UniqueID = "\RBUYBRHJ"
Change component parameters. Clean all parameters for all variants
Change component parameters (AddParameter): Name = "LatestRevisionDate"; Value = "29-May-2009"; VariantName = "[No Variations]"
Change component parameters (AddParameter): Name = "LatestRevisionNote"; Value = "IPC-7351 Footprint Added."; VariantName = "[No Variations]"
Change component parameters (AddParameter): Name = "PackageDescription"; Value = "Chip Resistor"; VariantName = "[No Variations]"
Change component parameters (AddParameter): Name = "PackageReference"; Value = "J1-0603"; VariantName = "[No Variations]"
Change component parameters (AddParameter): Name = "Published"; Value = "8-Jun-2000"; VariantName = "[No Variations]"
Change component parameters (AddParameter): Name = "Publisher"; Value = "Altium Limited"; VariantName = "[No Variations]"
Change component parameters (AddParameter): Name = "Value"; Value = "10KR"; VariantName = "[No Variations]"
Change component parameters: Designator = "R3"; Footprint = "J1-0603"; UniqueID = "\AVLPALUR"
Change component parameters. Clean all parameters for all variants
Change component parameters (AddParameter): Name = "LatestRevisionDate"; Value = "29-May-2009"; VariantName = "[No Variations]"
Change component parameters (AddParameter): Name = "LatestRevisionNote"; Value = "IPC-7351 Footprint Added."; VariantName = "[No Variations]"
Change component parameters (AddParameter): Name = "PackageDescription"; Value = "Chip Resistor"; VariantName = "[No Variations]"
Change component parameters (AddParameter): Name = "PackageReference"; Value = "J1-0603"; VariantName = "[No Variations]"
Change component parameters (AddParameter): Name = "Published"; Value = "8-Jun-2000"; VariantName = "[No Variations]"
Change component parameters (AddParameter): Name = "Publisher"; Value = "Altium Limited"; VariantName = "[No Variations]"
Change component parameters (AddParameter): Name = "Value"; Value = "22R"; VariantName = "[No Variations]"
Change component parameters: Designator = "R4"; Footprint = "J1-0603"; UniqueID = "\IYEBVIMA"
Change component parameters. Clean all parameters for all variants
Change component parameters (AddParameter): Name = "LatestRevisionDate"; Value = "29-May-2009"; VariantName = "[No Variations]"
Change component parameters (AddParameter): Name = "LatestRevisionNote"; Value = "IPC-7351 Footprint Added."; VariantName = "[No Variations]"
Change component parameters (AddParameter): Name = "PackageDescription"; Value = "Chip Resistor"; VariantName = "[No Variations]"
Change component parameters (AddParameter): Name = "PackageReference"; Value = "J1-0603"; VariantName = "[No Variations]"
Change component parameters (AddParameter): Name = "Published"; Value = "8-Jun-2000"; VariantName = "[No Variations]"
Change component parameters (AddParameter): Name = "Publisher"; Value = "Altium Limited"; VariantName = "[No Variations]"
Change component parameters (AddParameter): Name = "Value"; Value = "22R"; VariantName = "[No Variations]"
Change component parameters: Designator = "R5"; Footprint = "J1-0603"; UniqueID = "\XDJGGHMG"
Change component parameters. Clean all parameters for all variants
Change component parameters (AddParameter): Name = "LatestRevisionDate"; Value = "29-May-2009"; VariantName = "[No Variations]"
Change component parameters (AddParameter): Name = "LatestRevisionNote"; Value = "IPC-7351 Footprint Added."; VariantName = "[No Variations]"
Change component parameters (AddParameter): Name = "PackageDescription"; Value = "Chip Resistor"; VariantName = "[No Variations]"
Change component parameters (AddParameter): Name = "PackageReference"; Value = "J1-0603"; VariantName = "[No Variations]"
Change component parameters (AddParameter): Name = "Published"; Value = "8-Jun-2000"; VariantName = "[No Variations]"
Change component parameters (AddParameter): Name = "Publisher"; Value = "Altium Limited"; VariantName = "[No Variations]"
Change component parameters (AddParameter): Name = "Value"; Value = "22R"; VariantName = "[No Variations]"
Change component parameters: Designator = "R6"; Footprint = "J1-0603"; UniqueID = "\IKFEDYQA"
Change component parameters. Clean all parameters for all variants
Change component parameters (AddParameter): Name = "LatestRevisionDate"; Value = "29-May-2009"; VariantName = "[No Variations]"
Change component parameters (AddParameter): Name = "LatestRevisionNote"; Value = "IPC-7351 Footprint Added."; VariantName = "[No Variations]"
Change component parameters (AddParameter): Name = "PackageDescription"; Value = "Chip Resistor"; VariantName = "[No Variations]"
Change component parameters (AddParameter): Name = "PackageReference"; Value = "J1-0603"; VariantName = "[No Variations]"
Change component parameters (AddParameter): Name = "Published"; Value = "8-Jun-2000"; VariantName = "[No Variations]"
Change component parameters (AddParameter): Name = "Publisher"; Value = "Altium Limited"; VariantName = "[No Variations]"
Change component parameters (AddParameter): Name = "Value"; Value = "22R"; VariantName = "[No Variations]"
Added Component: Designator=L1*(OLED I2C 0.91)
Add component. Clean all parameters for all variants
Added Member To Class: ClassName=Duckuino Member=Component L1* OLED I2C 0.96' 128X64
