Added Component: Designator=C1(0603)
Added Component: Designator=C2(0603)
Added Component: Designator=C3(0603)
Added Component: Designator=C4(0603)
Added Component: Designator=R1(J1-0603)
Added Component: Designator=R2(J1-0603)
Added Component: Designator=SD1(TF-PULL)
Added Component: Designator=U1(SOT23-5)
Added Component: Designator=U2(QFP80P1200X1200X120-44N)
Added Component: Designator=USB1(MOLEX_480371000)
Added Pin To Net: NetName=UVCC Pin=C1-1
Added Pin To Net: NetName=GND Pin=C1-2
Added Pin To Net: NetName=3V3 Pin=C2-1
Added Pin To Net: NetName=GND Pin=C2-2
Added Pin To Net: NetName=3V3 Pin=C3-1
Added Pin To Net: NetName=GND Pin=C3-2
Added Pin To Net: NetName=3V3 Pin=C4-1
Added Pin To Net: NetName=GND Pin=C4-2
Added Pin To Net: NetName=NetR1_1 Pin=R1-1
Added Pin To Net: NetName=D+ Pin=R1-2
Added Pin To Net: NetName=NetR2_1 Pin=R2-1
Added Pin To Net: NetName=D- Pin=R2-2
Added Pin To Net: NetName=UVCC Pin=U1-1
Added Pin To Net: NetName=GND Pin=U1-2
Added Pin To Net: NetName=UVCC Pin=U1-3
Added Pin To Net: NetName=3V3 Pin=U1-5
Added Pin To Net: NetName=D- Pin=U2-3
Added Pin To Net: NetName=D+ Pin=U2-4
Added Pin To Net: NetName=UVCC Pin=USB1-1
Added Pin To Net: NetName=UVCC Pin=USB1-1
Added Pin To Net: NetName=UVCC Pin=USB1-1
Added Pin To Net: NetName=NetR2_1 Pin=USB1-2
Added Pin To Net: NetName=NetR1_1 Pin=USB1-3
Added Pin To Net: NetName=GND Pin=USB1-4
Added Member To Class: ClassName=Duckuino Member=Component C1 10UF
Added Member To Class: ClassName=Duckuino Member=Component C2 10UF
Added Member To Class: ClassName=Duckuino Member=Component C3 1uF
Added Member To Class: ClassName=Duckuino Member=Component C4 0.1uF
Added Member To Class: ClassName=Duckuino Member=Component R1 
Added Member To Class: ClassName=Duckuino Member=Component R2 
Added Member To Class: ClassName=Duckuino Member=Component SD1 
Added Member To Class: ClassName=Duckuino Member=Component U1 V_REG_MIC52193.3V
Added Member To Class: ClassName=Duckuino Member=Component U2 
Added Member To Class: ClassName=Duckuino Member=Component USB1 USB-A
