Added Component: Designator=*(ThumbWheel)
Add component. Clean all parameters for all variants
Added Component: Designator=L1(OLED I2C 0.91)
Add component. Clean all parameters for all variants
Added Component: Designator=R1(J1-0603)
Add component. Clean all parameters for all variants
Add component (AddParameter): Name = "LatestRevisionDate"; Value = "29-May-2009"; VariantName = "[No Variations]"
Add component (AddParameter): Name = "LatestRevisionNote"; Value = "IPC-7351 Footprint Added."; VariantName = "[No Variations]"
Add component (AddParameter): Name = "PackageDescription"; Value = "Chip Resistor"; VariantName = "[No Variations]"
Add component (AddParameter): Name = "PackageReference"; Value = "J1-0603"; VariantName = "[No Variations]"
Add component (AddParameter): Name = "Published"; Value = "8-Jun-2000"; VariantName = "[No Variations]"
Add component (AddParameter): Name = "Publisher"; Value = "Altium Limited"; VariantName = "[No Variations]"
Add component (AddParameter): Name = "Value"; Value = "22R"; VariantName = "[No Variations]"
Added Component: Designator=R2(J1-0603)
Add component. Clean all parameters for all variants
Add component (AddParameter): Name = "LatestRevisionDate"; Value = "29-May-2009"; VariantName = "[No Variations]"
Add component (AddParameter): Name = "LatestRevisionNote"; Value = "IPC-7351 Footprint Added."; VariantName = "[No Variations]"
Add component (AddParameter): Name = "PackageDescription"; Value = "Chip Resistor"; VariantName = "[No Variations]"
Add component (AddParameter): Name = "PackageReference"; Value = "J1-0603"; VariantName = "[No Variations]"
Add component (AddParameter): Name = "Published"; Value = "8-Jun-2000"; VariantName = "[No Variations]"
Add component (AddParameter): Name = "Publisher"; Value = "Altium Limited"; VariantName = "[No Variations]"
Add component (AddParameter): Name = "Value"; Value = "10KR"; VariantName = "[No Variations]"
Added Component: Designator=R3(J1-0603)
Add component. Clean all parameters for all variants
Add component (AddParameter): Name = "LatestRevisionDate"; Value = "29-May-2009"; VariantName = "[No Variations]"
Add component (AddParameter): Name = "LatestRevisionNote"; Value = "IPC-7351 Footprint Added."; VariantName = "[No Variations]"
Add component (AddParameter): Name = "PackageDescription"; Value = "Chip Resistor"; VariantName = "[No Variations]"
Add component (AddParameter): Name = "PackageReference"; Value = "J1-0603"; VariantName = "[No Variations]"
Add component (AddParameter): Name = "Published"; Value = "8-Jun-2000"; VariantName = "[No Variations]"
Add component (AddParameter): Name = "Publisher"; Value = "Altium Limited"; VariantName = "[No Variations]"
Add component (AddParameter): Name = "Value"; Value = "22R"; VariantName = "[No Variations]"
Added Component: Designator=R4(J1-0603)
Add component. Clean all parameters for all variants
Add component (AddParameter): Name = "LatestRevisionDate"; Value = "29-May-2009"; VariantName = "[No Variations]"
Add component (AddParameter): Name = "LatestRevisionNote"; Value = "IPC-7351 Footprint Added."; VariantName = "[No Variations]"
Add component (AddParameter): Name = "PackageDescription"; Value = "Chip Resistor"; VariantName = "[No Variations]"
Add component (AddParameter): Name = "PackageReference"; Value = "J1-0603"; VariantName = "[No Variations]"
Add component (AddParameter): Name = "Published"; Value = "8-Jun-2000"; VariantName = "[No Variations]"
Add component (AddParameter): Name = "Publisher"; Value = "Altium Limited"; VariantName = "[No Variations]"
Add component (AddParameter): Name = "Value"; Value = "22R"; VariantName = "[No Variations]"
Added Component: Designator=R5(J1-0603)
Add component. Clean all parameters for all variants
Add component (AddParameter): Name = "LatestRevisionDate"; Value = "29-May-2009"; VariantName = "[No Variations]"
Add component (AddParameter): Name = "LatestRevisionNote"; Value = "IPC-7351 Footprint Added."; VariantName = "[No Variations]"
Add component (AddParameter): Name = "PackageDescription"; Value = "Chip Resistor"; VariantName = "[No Variations]"
Add component (AddParameter): Name = "PackageReference"; Value = "J1-0603"; VariantName = "[No Variations]"
Add component (AddParameter): Name = "Published"; Value = "8-Jun-2000"; VariantName = "[No Variations]"
Add component (AddParameter): Name = "Publisher"; Value = "Altium Limited"; VariantName = "[No Variations]"
Add component (AddParameter): Name = "Value"; Value = "22R"; VariantName = "[No Variations]"
Added Component: Designator=R6(J1-0603)
Add component. Clean all parameters for all variants
Add component (AddParameter): Name = "LatestRevisionDate"; Value = "29-May-2009"; VariantName = "[No Variations]"
Add component (AddParameter): Name = "LatestRevisionNote"; Value = "IPC-7351 Footprint Added."; VariantName = "[No Variations]"
Add component (AddParameter): Name = "PackageDescription"; Value = "Chip Resistor"; VariantName = "[No Variations]"
Add component (AddParameter): Name = "PackageReference"; Value = "J1-0603"; VariantName = "[No Variations]"
Add component (AddParameter): Name = "Published"; Value = "8-Jun-2000"; VariantName = "[No Variations]"
Add component (AddParameter): Name = "Publisher"; Value = "Altium Limited"; VariantName = "[No Variations]"
Add component (AddParameter): Name = "Value"; Value = "22R"; VariantName = "[No Variations]"
Added Component: Designator=S2(SOP8)
Add component. Clean all parameters for all variants
Add component (AddParameter): Name = "LatestRevisionDate"; Value = "17-Jul-2002"; VariantName = "[No Variations]"
Add component (AddParameter): Name = "LatestRevisionNote"; Value = "Re-released for DXP Platform."; VariantName = "[No Variations]"
Add component (AddParameter): Name = "PackageReference"; Value = "DIP-8"; VariantName = "[No Variations]"
Add component (AddParameter): Name = "Published"; Value = "24-Mar-1999"; VariantName = "[No Variations]"
Add component (AddParameter): Name = "Publisher"; Value = "Altium Limited"; VariantName = "[No Variations]"
Added Component: Designator=SD1(TF-PULL)
Add component. Clean all parameters for all variants
Added Component: Designator=TP1(TP20R)
Add component. Clean all parameters for all variants
Added Component: Designator=TP2(TP20R)
Add component. Clean all parameters for all variants
Added Component: Designator=TP3(TP20R)
Add component. Clean all parameters for all variants
Added Component: Designator=TP4(TP20R)
Add component. Clean all parameters for all variants
Added Component: Designator=TP5(TP20R)
Add component. Clean all parameters for all variants
Added Component: Designator=TP6(TP20R)
Add component. Clean all parameters for all variants
Added Component: Designator=U1(QFP80P1200X1200X120-44N)
Add component. Clean all parameters for all variants
Add component (AddParameter): Name = "MPN"; Value = "ATMEGA32U4-AU"; VariantName = "[No Variations]"
Add component (AddParameter): Name = "OC_FARNELL"; Value = "1748525"; VariantName = "[No Variations]"
Add component (AddParameter): Name = "OC_NEWARK"; Value = "26R5633"; VariantName = "[No Variations]"
Add component (AddParameter): Name = "PACKAGE"; Value = "TQFP-44"; VariantName = "[No Variations]"
Add component (AddParameter): Name = "SUPPLIER"; Value = "Atmel"; VariantName = "[No Variations]"
Added Pin To Net: NetName=GND Pin=L1-1
Added Pin To Net: NetName=3V3 Pin=L1-2
Added Pin To Net: NetName=D3/SCL Pin=L1-3
Added Pin To Net: NetName=D2/SDA Pin=L1-4
Added Pin To Net: NetName=UVCC Pin=R1-1
Added Pin To Net: NetName=NetLED1_A Pin=R1-2
Added Pin To Net: NetName=3V3 Pin=R2-1
Added Pin To Net: NetName=RESET Pin=R2-2
Added Pin To Net: NetName=NetR3_1 Pin=R3-1
Added Pin To Net: NetName=D+ Pin=R3-2
Added Pin To Net: NetName=NetR4_1 Pin=R4-1
Added Pin To Net: NetName=D- Pin=R4-2
Added Pin To Net: NetName=D6/A7 Pin=R5-1
Added Pin To Net: NetName=NetLED2_A Pin=R5-2
Added Pin To Net: NetName=D7 Pin=R6-1
Added Pin To Net: NetName=NetLED3_A Pin=R6-2
Added Pin To Net: NetName=D11 Pin=S2-1
Added Pin To Net: NetName=D10/A10 Pin=S2-2
Added Pin To Net: NetName=D9/A9 Pin=S2-3
Added Pin To Net: NetName=D8/A8 Pin=S2-4
Added Pin To Net: NetName=GND Pin=S2-5
Added Pin To Net: NetName=GND Pin=S2-6
Added Pin To Net: NetName=GND Pin=S2-7
Added Pin To Net: NetName=GND Pin=S2-8
Added Pin To Net: NetName=D4/A6 Pin=SD1-2
Added Pin To Net: NetName=D16/MOSI Pin=SD1-3
Added Pin To Net: NetName=3V3 Pin=SD1-4
Added Pin To Net: NetName=D15/SCK Pin=SD1-5
Added Pin To Net: NetName=GND Pin=SD1-6
Added Pin To Net: NetName=D14/MISO Pin=SD1-7
Added Pin To Net: NetName=GND Pin=TP2-TP
Added Pin To Net: NetName=D16/MOSI Pin=TP3-TP
Added Pin To Net: NetName=D14/MISO Pin=TP4-TP
Added Pin To Net: NetName=D15/SCK Pin=TP5-TP
Added Pin To Net: NetName=RESET Pin=TP6-TP
Added Pin To Net: NetName=D7 Pin=U1-1
Added Pin To Net: NetName=UVCC Pin=U1-2
Added Pin To Net: NetName=D- Pin=U1-3
Added Pin To Net: NetName=D+ Pin=U1-4
Added Pin To Net: NetName=GND Pin=U1-5
Added Pin To Net: NetName=GND Pin=U1-6
Added Pin To Net: NetName=UVCC Pin=U1-7
Added Pin To Net: NetName=SS Pin=U1-8
Added Pin To Net: NetName=D15/SCK Pin=U1-9
Added Pin To Net: NetName=D16/MOSI Pin=U1-10
Added Pin To Net: NetName=D14/MISO Pin=U1-11
Added Pin To Net: NetName=D11 Pin=U1-12
Added Pin To Net: NetName=RESET Pin=U1-13
Added Pin To Net: NetName=3V3 Pin=U1-14
Added Pin To Net: NetName=GND Pin=U1-15
Added Pin To Net: NetName=XTAL2 Pin=U1-16
Added Pin To Net: NetName=XTAL1 Pin=U1-17
Added Pin To Net: NetName=D3/SCL Pin=U1-18
Added Pin To Net: NetName=D2/SDA Pin=U1-19
Added Pin To Net: NetName=D0/RX Pin=U1-20
Added Pin To Net: NetName=D1/TX Pin=U1-21
Added Pin To Net: NetName=GND Pin=U1-23
Added Pin To Net: NetName=3V3 Pin=U1-24
Added Pin To Net: NetName=D4/A6 Pin=U1-25
Added Pin To Net: NetName=D12 Pin=U1-26
Added Pin To Net: NetName=D6/A7 Pin=U1-27
Added Pin To Net: NetName=D8/A8 Pin=U1-28
Added Pin To Net: NetName=D9/A9 Pin=U1-29
Added Pin To Net: NetName=D10/A10 Pin=U1-30
Added Pin To Net: NetName=D5 Pin=U1-31
Added Pin To Net: NetName=D13 Pin=U1-32
Added Pin To Net: NetName=3V3 Pin=U1-34
Added Pin To Net: NetName=GND Pin=U1-35
Added Pin To Net: NetName=A0 Pin=U1-36
Added Pin To Net: NetName=A1 Pin=U1-37
Added Pin To Net: NetName=A2 Pin=U1-38
Added Pin To Net: NetName=A3 Pin=U1-39
Added Pin To Net: NetName=GND Pin=U1-42
Added Pin To Net: NetName=GND Pin=U1-43
Added Pin To Net: NetName=3V3 Pin=U1-44
Added Member To Class: ClassName=Duckuino Member=Component * ThumbWheel
Added Member To Class: ClassName=Duckuino Member=Component L1 OLED I2C 0.96' 128X64
Added Member To Class: ClassName=Duckuino Member=Component R1 
Added Member To Class: ClassName=Duckuino Member=Component R2 
Added Member To Class: ClassName=Duckuino Member=Component R3 
Added Member To Class: ClassName=Duckuino Member=Component R4 
Added Member To Class: ClassName=Duckuino Member=Component R5 
Added Member To Class: ClassName=Duckuino Member=Component R6 
Added Member To Class: ClassName=Duckuino Member=Component S2 SW-DIP4
Added Member To Class: ClassName=Duckuino Member=Component SD1 
Added Member To Class: ClassName=Duckuino Member=Component TP1 Test pad
Added Member To Class: ClassName=Duckuino Member=Component TP2 Test pad
Added Member To Class: ClassName=Duckuino Member=Component TP3 Test pad
Added Member To Class: ClassName=Duckuino Member=Component TP4 Test pad
Added Member To Class: ClassName=Duckuino Member=Component TP5 Test pad
Added Member To Class: ClassName=Duckuino Member=Component TP6 Test pad
Added Member To Class: ClassName=Duckuino Member=Component U1 
